/!\ FAILSAFE /!\  Thu Oct 27 08:23:02 -0700 2011
  Status: 500 Internal Server Error
  no such file to load -- sqlite3
    /Users/taylorsingletary/.rvm/rubies/ree-1.8.7-2011.03/lib/ruby/site_ruby/1.8/rubygems/custom_require.rb:29:in `gem_original_require'
    /Users/taylorsingletary/.rvm/rubies/ree-1.8.7-2011.03/lib/ruby/site_ruby/1.8/rubygems/custom_require.rb:29:in `require'
    /Volumes/Projects/mock-oauth-echo-image-host/vendor/rails/activesupport/lib/active_support/dependencies.rb:156:in `require'
    /Volumes/Projects/mock-oauth-echo-image-host/vendor/rails/activesupport/lib/active_support/dependencies.rb:521:in `new_constants_in'
    /Volumes/Projects/mock-oauth-echo-image-host/vendor/rails/activesupport/lib/active_support/dependencies.rb:156:in `require'
    /Volumes/Projects/mock-oauth-echo-image-host/vendor/rails/activesupport/lib/active_support/core_ext/kernel/requires.rb:7:in `require_library_or_gem'
    /Volumes/Projects/mock-oauth-echo-image-host/vendor/rails/activesupport/lib/active_support/core_ext/kernel/reporting.rb:11:in `silence_warnings'
    /Volumes/Projects/mock-oauth-echo-image-host/vendor/rails/activesupport/lib/active_support/core_ext/kernel/requires.rb:5:in `require_library_or_gem'
    /Volumes/Projects/mock-oauth-echo-image-host/vendor/rails/activerecord/lib/active_record/connection_adapters/sqlite3_adapter.rb:10:in `sqlite3_connection'
    /Volumes/Projects/mock-oauth-echo-image-host/vendor/rails/activerecord/lib/active_record/connection_adapters/abstract/connection_pool.rb:223:in `send'
    /Volumes/Projects/mock-oauth-echo-image-host/vendor/rails/activerecord/lib/active_record/connection_adapters/abstract/connection_pool.rb:223:in `new_connection'
    /Volumes/Projects/mock-oauth-echo-image-host/vendor/rails/activerecord/lib/active_record/connection_adapters/abstract/connection_pool.rb:245:in `checkout_new_connection'
    /Volumes/Projects/mock-oauth-echo-image-host/vendor/rails/activerecord/lib/active_record/connection_adapters/abstract/connection_pool.rb:188:in `checkout'
    /Volumes/Projects/mock-oauth-echo-image-host/vendor/rails/activerecord/lib/active_record/connection_adapters/abstract/connection_pool.rb:184:in `loop'
    /Volumes/Projects/mock-oauth-echo-image-host/vendor/rails/activerecord/lib/active_record/connection_adapters/abstract/connection_pool.rb:184:in `checkout'
    /Users/taylorsingletary/.rvm/rubies/ree-1.8.7-2011.03/lib/ruby/1.8/monitor.rb:242:in `synchronize'
    /Volumes/Projects/mock-oauth-echo-image-host/vendor/rails/activerecord/lib/active_record/connection_adapters/abstract/connection_pool.rb:183:in `checkout'
    /Volumes/Projects/mock-oauth-echo-image-host/vendor/rails/activerecord/lib/active_record/connection_adapters/abstract/connection_pool.rb:98:in `connection'
    /Volumes/Projects/mock-oauth-echo-image-host/vendor/rails/activerecord/lib/active_record/connection_adapters/abstract/connection_pool.rb:326:in `retrieve_connection'
    /Volumes/Projects/mock-oauth-echo-image-host/vendor/rails/activerecord/lib/active_record/connection_adapters/abstract/connection_specification.rb:123:in `retrieve_connection'
    /Volumes/Projects/mock-oauth-echo-image-host/vendor/rails/activerecord/lib/active_record/connection_adapters/abstract/connection_specification.rb:115:in `connection'
    /Volumes/Projects/mock-oauth-echo-image-host/vendor/rails/activerecord/lib/active_record/query_cache.rb:9:in `cache'
    /Volumes/Projects/mock-oauth-echo-image-host/vendor/rails/activerecord/lib/active_record/query_cache.rb:28:in `call'
    /Volumes/Projects/mock-oauth-echo-image-host/vendor/rails/activerecord/lib/active_record/connection_adapters/abstract/connection_pool.rb:361:in `call'
    /Volumes/Projects/mock-oauth-echo-image-host/vendor/rails/actionpack/lib/action_controller/string_coercion.rb:25:in `call'
    /Users/taylorsingletary/.rvm/gems/ree-1.8.7-2011.03/gems/rack-1.0.1/lib/rack/head.rb:9:in `call'
    /Users/taylorsingletary/.rvm/gems/ree-1.8.7-2011.03/gems/rack-1.0.1/lib/rack/methodoverride.rb:24:in `call'
    /Volumes/Projects/mock-oauth-echo-image-host/vendor/rails/actionpack/lib/action_controller/params_parser.rb:15:in `call'
    /Volumes/Projects/mock-oauth-echo-image-host/vendor/rails/actionpack/lib/action_controller/session/cookie_store.rb:93:in `call'
    /Volumes/Projects/mock-oauth-echo-image-host/vendor/rails/actionpack/lib/action_controller/failsafe.rb:26:in `call'
    /Users/taylorsingletary/.rvm/gems/ree-1.8.7-2011.03/gems/rack-1.0.1/lib/rack/lock.rb:11:in `call'
    /Users/taylorsingletary/.rvm/gems/ree-1.8.7-2011.03/gems/rack-1.0.1/lib/rack/lock.rb:11:in `synchronize'
    /Users/taylorsingletary/.rvm/gems/ree-1.8.7-2011.03/gems/rack-1.0.1/lib/rack/lock.rb:11:in `call'
    /Volumes/Projects/mock-oauth-echo-image-host/vendor/rails/actionpack/lib/action_controller/dispatcher.rb:114:in `call'
    /Volumes/Projects/mock-oauth-echo-image-host/vendor/rails/actionpack/lib/action_controller/reloader.rb:34:in `run'
    /Volumes/Projects/mock-oauth-echo-image-host/vendor/rails/actionpack/lib/action_controller/dispatcher.rb:108:in `call'
    /Volumes/Projects/mock-oauth-echo-image-host/vendor/rails/railties/lib/rails/rack/static.rb:31:in `call'
    /Users/taylorsingletary/.rvm/gems/ree-1.8.7-2011.03/gems/rack-1.0.1/lib/rack/urlmap.rb:46:in `call'
    /Users/taylorsingletary/.rvm/gems/ree-1.8.7-2011.03/gems/rack-1.0.1/lib/rack/urlmap.rb:40:in `each'
    /Users/taylorsingletary/.rvm/gems/ree-1.8.7-2011.03/gems/rack-1.0.1/lib/rack/urlmap.rb:40:in `call'
    /Volumes/Projects/mock-oauth-echo-image-host/vendor/rails/railties/lib/rails/rack/log_tailer.rb:17:in `call'
    /Users/taylorsingletary/.rvm/gems/ree-1.8.7-2011.03/gems/rack-1.0.1/lib/rack/content_length.rb:13:in `call'
    /Users/taylorsingletary/.rvm/gems/ree-1.8.7-2011.03/gems/rack-1.0.1/lib/rack/chunked.rb:15:in `call'
    /Users/taylorsingletary/.rvm/gems/ree-1.8.7-2011.03/gems/rack-1.0.1/lib/rack/handler/mongrel.rb:64:in `process'
    /Users/taylorsingletary/.rvm/gems/ree-1.8.7-2011.03/gems/mongrel-1.1.5/lib/mongrel.rb:159:in `process_client'
    /Users/taylorsingletary/.rvm/gems/ree-1.8.7-2011.03/gems/mongrel-1.1.5/lib/mongrel.rb:158:in `each'
    /Users/taylorsingletary/.rvm/gems/ree-1.8.7-2011.03/gems/mongrel-1.1.5/lib/mongrel.rb:158:in `process_client'
    /Users/taylorsingletary/.rvm/gems/ree-1.8.7-2011.03/gems/mongrel-1.1.5/lib/mongrel.rb:285:in `run'
    /Users/taylorsingletary/.rvm/gems/ree-1.8.7-2011.03/gems/mongrel-1.1.5/lib/mongrel.rb:285:in `initialize'
    /Users/taylorsingletary/.rvm/gems/ree-1.8.7-2011.03/gems/mongrel-1.1.5/lib/mongrel.rb:285:in `new'
    /Users/taylorsingletary/.rvm/gems/ree-1.8.7-2011.03/gems/mongrel-1.1.5/lib/mongrel.rb:285:in `run'
    /Users/taylorsingletary/.rvm/gems/ree-1.8.7-2011.03/gems/mongrel-1.1.5/lib/mongrel.rb:268:in `initialize'
    /Users/taylorsingletary/.rvm/gems/ree-1.8.7-2011.03/gems/mongrel-1.1.5/lib/mongrel.rb:268:in `new'
    /Users/taylorsingletary/.rvm/gems/ree-1.8.7-2011.03/gems/mongrel-1.1.5/lib/mongrel.rb:268:in `run'
    /Users/taylorsingletary/.rvm/gems/ree-1.8.7-2011.03/gems/rack-1.0.1/lib/rack/handler/mongrel.rb:34:in `run'
    /Volumes/Projects/mock-oauth-echo-image-host/vendor/rails/railties/lib/commands/server.rb:111
    /Users/taylorsingletary/.rvm/rubies/ree-1.8.7-2011.03/lib/ruby/site_ruby/1.8/rubygems/custom_require.rb:29:in `gem_original_require'
    /Users/taylorsingletary/.rvm/rubies/ree-1.8.7-2011.03/lib/ruby/site_ruby/1.8/rubygems/custom_require.rb:29:in `require'
    ./script/server:3


Processing ApplicationController#index (for 127.0.0.1 at 2011-10-27 08:23:54) [GET]

ActionController::RoutingError (No route matches "/" with {:method=>:get}):
  

Rendering rescues/layout (not_found)


Processing ApplicationController#upload (for 127.0.0.1 at 2011-10-27 08:24:18) [GET]
  Parameters: {"success"=>"1"}

SyntaxError (/Volumes/Projects/mock-oauth-echo-image-host/app/controllers/api_controller.rb:64: syntax error, unexpected kEND, expecting $end):
  

Rendered rescues/_trace (22.3ms)
Rendered rescues/_request_and_response (0.8ms)
Rendering rescues/layout (internal_server_error)


Processing ApiController#upload (for 127.0.0.1 at 2011-10-27 08:26:20) [GET]
  Parameters: {"success"=>"1"}
** incoming request headers **
{"HTTP_HOST"=>"localhost:3000", "HTTP_CACHE_CONTROL"=>"max-age=0", "HTTP_ACCEPT"=>"text/html,application/xhtml+xml,application/xml;q=0.9,*/*;q=0.8", "SERVER_NAME"=>"localhost", "rack.session"=>{:session_id=>"1175c50f6f16be084bebb3c0e0cf2db2"}, "rack.url_scheme"=>"http", "REQUEST_PATH"=>"/api/upload", "HTTP_USER_AGENT"=>"Mozilla/5.0 (Macintosh; Intel Mac OS X 10_7_2) AppleWebKit/535.7 (KHTML, like Gecko) Chrome/16.0.912.12 Safari/535.7", "rack.errors"=>#<IO:0x101973680>, "HTTP_ACCEPT_LANGUAGE"=>"en-US,en;q=0.8", "SERVER_PROTOCOL"=>"HTTP/1.1", "action_controller.request.request_parameters"=>{}, "rack.version"=>[1, 0], "rack.run_once"=>false, "SERVER_SOFTWARE"=>"Mongrel 1.1.5", "PATH_INFO"=>"/api/upload", "REMOTE_ADDR"=>"127.0.0.1", "SCRIPT_NAME"=>"", "rack.multithread"=>false, "HTTP_VERSION"=>"HTTP/1.1", "rack.multiprocess"=>false, "REQUEST_URI"=>"/api/upload?success=1", "action_controller.request.path_parameters"=>{"action"=>"upload", "controller"=>"api"}, "HTTP_ACCEPT_CHARSET"=>"ISO-8859-1,utf-8;q=0.7,*;q=0.3", "SERVER_PORT"=>"3000", "rack.request.query_hash"=>{"success"=>"1"}, "REQUEST_METHOD"=>"GET", "rack.session.options"=>{:key=>"_session_id", :expire_after=>nil, :path=>"/", :httponly=>true, :id=>"1175c50f6f16be084bebb3c0e0cf2db2", :domain=>nil}, "action_controller.rescue.request"=>#<ActionController::Request:0x1028e0320 @parameters={"action"=>"upload", "success"=>"1", "controller"=>"api"}, @request_method=:get, @env={"rack.session"=>{:session_id=>"1175c50f6f16be084bebb3c0e0cf2db2"}, "SERVER_NAME"=>"localhost", "HTTP_ACCEPT"=>"text/html,application/xhtml+xml,application/xml;q=0.9,*/*;q=0.8", "HTTP_CACHE_CONTROL"=>"max-age=0", "HTTP_HOST"=>"localhost:3000", "HTTP_USER_AGENT"=>"Mozilla/5.0 (Macintosh; Intel Mac OS X 10_7_2) AppleWebKit/535.7 (KHTML, like Gecko) Chrome/16.0.912.12 Safari/535.7", "REQUEST_PATH"=>"/api/upload", "rack.url_scheme"=>"http", "action_controller.request.request_parameters"=>{}, "SERVER_PROTOCOL"=>"HTTP/1.1", "HTTP_ACCEPT_LANGUAGE"=>"en-US,en;q=0.8", "rack.errors"=>#<IO:0x101973680>, "REMOTE_ADDR"=>"127.0.0.1", "PATH_INFO"=>"/api/upload", "SERVER_SOFTWARE"=>"Mongrel 1.1.5", "rack.run_once"=>false, "rack.version"=>[1, 0], "SCRIPT_NAME"=>"", "HTTP_VERSION"=>"HTTP/1.1", "rack.multithread"=>false, "action_controller.request.path_parameters"=>{"action"=>"upload", "controller"=>"api"}, "REQUEST_URI"=>"/api/upload?success=1", "rack.multiprocess"=>false, "rack.request.query_hash"=>{"success"=>"1"}, "SERVER_PORT"=>"3000", "HTTP_ACCEPT_CHARSET"=>"ISO-8859-1,utf-8;q=0.7,*;q=0.3", "rack.session.options"=>{:key=>"_session_id", :expire_after=>nil, :path=>"/", :httponly=>true, :id=>"1175c50f6f16be084bebb3c0e0cf2db2", :domain=>nil}, "REQUEST_METHOD"=>"GET", "action_controller.request.query_parameters"=>{"success"=>"1"}, "action_controller.rescue.request"=>#<ActionController::Request:0x1028e0320 ...>, "rack.request.query_string"=>"success=1", "action_controller.rescue.response"=>#<ActionController::Response:0x1028e02d0 @status=200, @block=nil, @redirected_to=nil, @session={:session_id=>"1175c50f6f16be084bebb3c0e0cf2db2"}, @assigns=[], @template=#<ActionView::Base:0x1028dff38 @_current_render=nil, @assigns_added=nil, @_first_render=nil, @assigns={}, @helpers=#<ActionView::Base::ProxyModule:0x1028dfec0>, @view_paths=["/Volumes/Projects/mock-oauth-echo-image-host/app/views"], @controller=#<ApiController:0x1028e00a0 @_request=#<ActionController::Request:0x1028e0320 ...>, @_headers={"Cache-Control"=>"no-cache"}, @real_format=nil, @performed_render=false, @before_filter_chain_aborted=false, @action_name="upload", @template=#<ActionView::Base:0x1028dff38 ...>, @_response=#<ActionController::Response:0x1028e02d0 ...>, @_session={:session_id=>"1175c50f6f16be084bebb3c0e0cf2db2"}, @_params={"action"=>"upload", "success"=>"1", "controller"=>"api"}, @url=#<ActionController::UrlRewriter:0x1028df218 @parameters={"action"=>"upload", "success"=>"1", "controller"=>"api"}, @request=#<ActionController::Request:0x1028e0320 ...>>, @performed_redirect=false, @request_origin="127.0.0.1 at 2011-10-27 08:26:20">>, @body=["", []], @writer=#<Proc:0x0000000102ac02d0@/Volumes/Projects/mock-oauth-echo-image-host/vendor/rails/actionpack/lib/action_controller/response.rb:46>, @request=#<ActionController::Request:0x1028e0320 ...>, @header={"Cache-Control"=>"no-cache"}>, "GATEWAY_INTERFACE"=>"CGI/1.2", "HTTP_ACCEPT_ENCODING"=>"gzip,deflate,sdch", "HTTP_CONNECTION"=>"keep-alive", "QUERY_STRING"=>"success=1", "rack.input"=>#<StringIO:0x10290d4b0>}, @content_type=nil, @headers={...}>, "action_controller.request.query_parameters"=>{"success"=>"1"}, "rack.input"=>#<StringIO:0x10290d4b0>, "QUERY_STRING"=>"success=1", "HTTP_CONNECTION"=>"keep-alive", "HTTP_ACCEPT_ENCODING"=>"gzip,deflate,sdch", "GATEWAY_INTERFACE"=>"CGI/1.2", "action_controller.rescue.response"=>#<ActionController::Response:0x1028e02d0 @status=200, @block=nil, @redirected_to=nil, @session={:session_id=>"1175c50f6f16be084bebb3c0e0cf2db2"}, @assigns=[], @template=#<ActionView::Base:0x1028dff38 @_current_render=nil, @assigns_added=nil, @_first_render=nil, @assigns={}, @helpers=#<ActionView::Base::ProxyModule:0x1028dfec0>, @view_paths=["/Volumes/Projects/mock-oauth-echo-image-host/app/views"], @controller=#<ApiController:0x1028e00a0 @_request=#<ActionController::Request:0x1028e0320 @parameters={"action"=>"upload", "success"=>"1", "controller"=>"api"}, @request_method=:get, @env={"rack.session"=>{:session_id=>"1175c50f6f16be084bebb3c0e0cf2db2"}, "SERVER_NAME"=>"localhost", "HTTP_ACCEPT"=>"text/html,application/xhtml+xml,application/xml;q=0.9,*/*;q=0.8", "HTTP_CACHE_CONTROL"=>"max-age=0", "HTTP_HOST"=>"localhost:3000", "HTTP_USER_AGENT"=>"Mozilla/5.0 (Macintosh; Intel Mac OS X 10_7_2) AppleWebKit/535.7 (KHTML, like Gecko) Chrome/16.0.912.12 Safari/535.7", "REQUEST_PATH"=>"/api/upload", "rack.url_scheme"=>"http", "action_controller.request.request_parameters"=>{}, "SERVER_PROTOCOL"=>"HTTP/1.1", "HTTP_ACCEPT_LANGUAGE"=>"en-US,en;q=0.8", "rack.errors"=>#<IO:0x101973680>, "REMOTE_ADDR"=>"127.0.0.1", "PATH_INFO"=>"/api/upload", "SERVER_SOFTWARE"=>"Mongrel 1.1.5", "rack.run_once"=>false, "rack.version"=>[1, 0], "SCRIPT_NAME"=>"", "HTTP_VERSION"=>"HTTP/1.1", "rack.multithread"=>false, "action_controller.request.path_parameters"=>{"action"=>"upload", "controller"=>"api"}, "REQUEST_URI"=>"/api/upload?success=1", "rack.multiprocess"=>false, "rack.request.query_hash"=>{"success"=>"1"}, "SERVER_PORT"=>"3000", "HTTP_ACCEPT_CHARSET"=>"ISO-8859-1,utf-8;q=0.7,*;q=0.3", "rack.session.options"=>{:key=>"_session_id", :expire_after=>nil, :path=>"/", :httponly=>true, :id=>"1175c50f6f16be084bebb3c0e0cf2db2", :domain=>nil}, "REQUEST_METHOD"=>"GET", "action_controller.request.query_parameters"=>{"success"=>"1"}, "action_controller.rescue.request"=>#<ActionController::Request:0x1028e0320 ...>, "rack.request.query_string"=>"success=1", "action_controller.rescue.response"=>#<ActionController::Response:0x1028e02d0 ...>, "GATEWAY_INTERFACE"=>"CGI/1.2", "HTTP_ACCEPT_ENCODING"=>"gzip,deflate,sdch", "HTTP_CONNECTION"=>"keep-alive", "QUERY_STRING"=>"success=1", "rack.input"=>#<StringIO:0x10290d4b0>}, @content_type=nil, @headers={...}>, @_headers={"Cache-Control"=>"no-cache"}, @real_format=nil, @performed_render=false, @before_filter_chain_aborted=false, @action_name="upload", @template=#<ActionView::Base:0x1028dff38 ...>, @_response=#<ActionController::Response:0x1028e02d0 ...>, @_session={:session_id=>"1175c50f6f16be084bebb3c0e0cf2db2"}, @_params={"action"=>"upload", "success"=>"1", "controller"=>"api"}, @url=#<ActionController::UrlRewriter:0x1028df218 @parameters={"action"=>"upload", "success"=>"1", "controller"=>"api"}, @request=#<ActionController::Request:0x1028e0320 @parameters={"action"=>"upload", "success"=>"1", "controller"=>"api"}, @request_method=:get, @env={"rack.session"=>{:session_id=>"1175c50f6f16be084bebb3c0e0cf2db2"}, "SERVER_NAME"=>"localhost", "HTTP_ACCEPT"=>"text/html,application/xhtml+xml,application/xml;q=0.9,*/*;q=0.8", "HTTP_CACHE_CONTROL"=>"max-age=0", "HTTP_HOST"=>"localhost:3000", "HTTP_USER_AGENT"=>"Mozilla/5.0 (Macintosh; Intel Mac OS X 10_7_2) AppleWebKit/535.7 (KHTML, like Gecko) Chrome/16.0.912.12 Safari/535.7", "REQUEST_PATH"=>"/api/upload", "rack.url_scheme"=>"http", "action_controller.request.request_parameters"=>{}, "SERVER_PROTOCOL"=>"HTTP/1.1", "HTTP_ACCEPT_LANGUAGE"=>"en-US,en;q=0.8", "rack.errors"=>#<IO:0x101973680>, "REMOTE_ADDR"=>"127.0.0.1", "PATH_INFO"=>"/api/upload", "SERVER_SOFTWARE"=>"Mongrel 1.1.5", "rack.run_once"=>false, "rack.version"=>[1, 0], "SCRIPT_NAME"=>"", "HTTP_VERSION"=>"HTTP/1.1", "rack.multithread"=>false, "action_controller.request.path_parameters"=>{"action"=>"upload", "controller"=>"api"}, "REQUEST_URI"=>"/api/upload?success=1", "rack.multiprocess"=>false, "rack.request.query_hash"=>{"success"=>"1"}, "SERVER_PORT"=>"3000", "HTTP_ACCEPT_CHARSET"=>"ISO-8859-1,utf-8;q=0.7,*;q=0.3", "rack.session.options"=>{:key=>"_session_id", :expire_after=>nil, :path=>"/", :httponly=>true, :id=>"1175c50f6f16be084bebb3c0e0cf2db2", :domain=>nil}, "REQUEST_METHOD"=>"GET", "action_controller.request.query_parameters"=>{"success"=>"1"}, "action_controller.rescue.request"=>#<ActionController::Request:0x1028e0320 ...>, "rack.request.query_string"=>"success=1", "action_controller.rescue.response"=>#<ActionController::Response:0x1028e02d0 ...>, "GATEWAY_INTERFACE"=>"CGI/1.2", "HTTP_ACCEPT_ENCODING"=>"gzip,deflate,sdch", "HTTP_CONNECTION"=>"keep-alive", "QUERY_STRING"=>"success=1", "rack.input"=>#<StringIO:0x10290d4b0>}, @content_type=nil, @headers={...}>>, @performed_redirect=false, @request_origin="127.0.0.1 at 2011-10-27 08:26:20">>, @body=["", []], @writer=#<Proc:0x0000000102ac02d0@/Volumes/Projects/mock-oauth-echo-image-host/vendor/rails/actionpack/lib/action_controller/response.rb:46>, @request=#<ActionController::Request:0x1028e0320 @parameters={"action"=>"upload", "success"=>"1", "controller"=>"api"}, @request_method=:get, @env={"rack.session"=>{:session_id=>"1175c50f6f16be084bebb3c0e0cf2db2"}, "SERVER_NAME"=>"localhost", "HTTP_ACCEPT"=>"text/html,application/xhtml+xml,application/xml;q=0.9,*/*;q=0.8", "HTTP_CACHE_CONTROL"=>"max-age=0", "HTTP_HOST"=>"localhost:3000", "HTTP_USER_AGENT"=>"Mozilla/5.0 (Macintosh; Intel Mac OS X 10_7_2) AppleWebKit/535.7 (KHTML, like Gecko) Chrome/16.0.912.12 Safari/535.7", "REQUEST_PATH"=>"/api/upload", "rack.url_scheme"=>"http", "action_controller.request.request_parameters"=>{}, "SERVER_PROTOCOL"=>"HTTP/1.1", "HTTP_ACCEPT_LANGUAGE"=>"en-US,en;q=0.8", "rack.errors"=>#<IO:0x101973680>, "REMOTE_ADDR"=>"127.0.0.1", "PATH_INFO"=>"/api/upload", "SERVER_SOFTWARE"=>"Mongrel 1.1.5", "rack.run_once"=>false, "rack.version"=>[1, 0], "SCRIPT_NAME"=>"", "HTTP_VERSION"=>"HTTP/1.1", "rack.multithread"=>false, "action_controller.request.path_parameters"=>{"action"=>"upload", "controller"=>"api"}, "REQUEST_URI"=>"/api/upload?success=1", "rack.multiprocess"=>false, "rack.request.query_hash"=>{"success"=>"1"}, "SERVER_PORT"=>"3000", "HTTP_ACCEPT_CHARSET"=>"ISO-8859-1,utf-8;q=0.7,*;q=0.3", "rack.session.options"=>{:key=>"_session_id", :expire_after=>nil, :path=>"/", :httponly=>true, :id=>"1175c50f6f16be084bebb3c0e0cf2db2", :domain=>nil}, "REQUEST_METHOD"=>"GET", "action_controller.request.query_parameters"=>{"success"=>"1"}, "action_controller.rescue.request"=>#<ActionController::Request:0x1028e0320 ...>, "rack.request.query_string"=>"success=1", "action_controller.rescue.response"=>#<ActionController::Response:0x1028e02d0 ...>, "GATEWAY_INTERFACE"=>"CGI/1.2", "HTTP_ACCEPT_ENCODING"=>"gzip,deflate,sdch", "HTTP_CONNECTION"=>"keep-alive", "QUERY_STRING"=>"success=1", "rack.input"=>#<StringIO:0x10290d4b0>}, @content_type=nil, @headers={...}>, @header={"Cache-Control"=>"no-cache"}>, "rack.request.query_string"=>"success=1"}
** **
** incoming parameters **
{"action"=>"upload", "success"=>"1", "controller"=>"api"}
** **
** Received auth header **

** **
** Received verify credentials URL **

** **
** OAuth Echo validation status **
Missing OAuth Echo headers or params!
** **
** OAuth Echo success status **

** **
** (forced success) **
true
** **
Completed in 56ms (View: 0 | 200 OK [http://localhost/api/upload?success=1]


Processing ApiController#upload (for 127.0.0.1 at 2011-10-27 08:27:25) [GET]
** incoming request headers **
{"HTTP_HOST"=>"localhost:3000", "HTTP_ACCEPT"=>"text/html,application/xhtml+xml,application/xml;q=0.9,*/*;q=0.8", "SERVER_NAME"=>"localhost", "rack.session"=>{:session_id=>"1175c50f6f16be084bebb3c0e0cf2db2"}, "rack.url_scheme"=>"http", "REQUEST_PATH"=>"/api/upload", "HTTP_USER_AGENT"=>"Mozilla/5.0 (Macintosh; Intel Mac OS X 10_7_2) AppleWebKit/535.7 (KHTML, like Gecko) Chrome/16.0.912.12 Safari/535.7", "rack.errors"=>#<IO:0x101973680>, "HTTP_ACCEPT_LANGUAGE"=>"en-US,en;q=0.8", "SERVER_PROTOCOL"=>"HTTP/1.1", "action_controller.request.request_parameters"=>{}, "rack.version"=>[1, 0], "rack.run_once"=>false, "SERVER_SOFTWARE"=>"Mongrel 1.1.5", "PATH_INFO"=>"/api/upload", "REMOTE_ADDR"=>"127.0.0.1", "SCRIPT_NAME"=>"", "rack.multithread"=>false, "HTTP_VERSION"=>"HTTP/1.1", "HTTP_COOKIE"=>"_mock-oauth-echo-image-host_session=BAh7BjoPc2Vzc2lvbl9pZCIlMTE3NWM1MGY2ZjE2YmUwODRiZWJiM2MwZTBjZjJkYjI%3D--cf9a088168c1c4bcbd5fbe5d3dae5b17027d072f", "rack.multiprocess"=>false, "REQUEST_URI"=>"/api/upload", "action_controller.request.path_parameters"=>{"action"=>"upload", "controller"=>"api"}, "HTTP_ACCEPT_CHARSET"=>"ISO-8859-1,utf-8;q=0.7,*;q=0.3", "SERVER_PORT"=>"3000", "rack.request.query_hash"=>{}, "REQUEST_METHOD"=>"GET", "rack.session.options"=>{:key=>"_session_id", :expire_after=>nil, :path=>"/", :httponly=>true, :id=>"1175c50f6f16be084bebb3c0e0cf2db2", :domain=>nil}, "action_controller.rescue.request"=>#<ActionController::Request:0x102874440 @parameters={"action"=>"upload", "controller"=>"api"}, @request_method=:get, @env={"rack.session"=>{:session_id=>"1175c50f6f16be084bebb3c0e0cf2db2"}, "SERVER_NAME"=>"localhost", "HTTP_ACCEPT"=>"text/html,application/xhtml+xml,application/xml;q=0.9,*/*;q=0.8", "HTTP_HOST"=>"localhost:3000", "rack.request.cookie_hash"=>{"_mock-oauth-echo-image-host_session"=>"BAh7BjoPc2Vzc2lvbl9pZCIlMTE3NWM1MGY2ZjE2YmUwODRiZWJiM2MwZTBjZjJkYjI=--cf9a088168c1c4bcbd5fbe5d3dae5b17027d072f"}, "HTTP_USER_AGENT"=>"Mozilla/5.0 (Macintosh; Intel Mac OS X 10_7_2) AppleWebKit/535.7 (KHTML, like Gecko) Chrome/16.0.912.12 Safari/535.7", "REQUEST_PATH"=>"/api/upload", "rack.url_scheme"=>"http", "action_controller.request.request_parameters"=>{}, "SERVER_PROTOCOL"=>"HTTP/1.1", "HTTP_ACCEPT_LANGUAGE"=>"en-US,en;q=0.8", "rack.errors"=>#<IO:0x101973680>, "REMOTE_ADDR"=>"127.0.0.1", "PATH_INFO"=>"/api/upload", "SERVER_SOFTWARE"=>"Mongrel 1.1.5", "rack.run_once"=>false, "rack.version"=>[1, 0], "rack.request.cookie_string"=>"_mock-oauth-echo-image-host_session=BAh7BjoPc2Vzc2lvbl9pZCIlMTE3NWM1MGY2ZjE2YmUwODRiZWJiM2MwZTBjZjJkYjI%3D--cf9a088168c1c4bcbd5fbe5d3dae5b17027d072f", "SCRIPT_NAME"=>"", "HTTP_COOKIE"=>"_mock-oauth-echo-image-host_session=BAh7BjoPc2Vzc2lvbl9pZCIlMTE3NWM1MGY2ZjE2YmUwODRiZWJiM2MwZTBjZjJkYjI%3D--cf9a088168c1c4bcbd5fbe5d3dae5b17027d072f", "HTTP_VERSION"=>"HTTP/1.1", "rack.multithread"=>false, "action_controller.request.path_parameters"=>{"action"=>"upload", "controller"=>"api"}, "REQUEST_URI"=>"/api/upload", "rack.multiprocess"=>false, "rack.request.query_hash"=>{}, "SERVER_PORT"=>"3000", "HTTP_ACCEPT_CHARSET"=>"ISO-8859-1,utf-8;q=0.7,*;q=0.3", "rack.session.options"=>{:key=>"_session_id", :expire_after=>nil, :path=>"/", :httponly=>true, :id=>"1175c50f6f16be084bebb3c0e0cf2db2", :domain=>nil}, "REQUEST_METHOD"=>"GET", "action_controller.request.query_parameters"=>{}, "action_controller.rescue.request"=>#<ActionController::Request:0x102874440 ...>, "rack.request.query_string"=>"", "action_controller.rescue.response"=>#<ActionController::Response:0x1028743f0 @status=200, @block=nil, @redirected_to=nil, @session={:session_id=>"1175c50f6f16be084bebb3c0e0cf2db2"}, @assigns=[], @template=#<ActionView::Base:0x102874058 @_current_render=nil, @assigns_added=nil, @_first_render=nil, @assigns={}, @helpers=#<ActionView::Base::ProxyModule:0x102873fe0>, @view_paths=["/Volumes/Projects/mock-oauth-echo-image-host/app/views"], @controller=#<ApiController:0x1028741c0 @_request=#<ActionController::Request:0x102874440 ...>, @_headers={"Cache-Control"=>"no-cache"}, @real_format=nil, @performed_render=false, @before_filter_chain_aborted=false, @action_name="upload", @template=#<ActionView::Base:0x102874058 ...>, @_response=#<ActionController::Response:0x1028743f0 ...>, @_session={:session_id=>"1175c50f6f16be084bebb3c0e0cf2db2"}, @_params={"action"=>"upload", "controller"=>"api"}, @url=#<ActionController::UrlRewriter:0x102873450 @parameters={"action"=>"upload", "controller"=>"api"}, @request=#<ActionController::Request:0x102874440 ...>>, @performed_redirect=false, @request_origin="127.0.0.1 at 2011-10-27 08:27:25">>, @body=["", []], @writer=#<Proc:0x0000000102ac02d0@/Volumes/Projects/mock-oauth-echo-image-host/vendor/rails/actionpack/lib/action_controller/response.rb:46>, @request=#<ActionController::Request:0x102874440 ...>, @header={"Cache-Control"=>"no-cache"}>, "GATEWAY_INTERFACE"=>"CGI/1.2", "HTTP_ACCEPT_ENCODING"=>"gzip,deflate,sdch", "HTTP_CONNECTION"=>"keep-alive", "rack.input"=>#<StringIO:0x1028a14b8>, "QUERY_STRING"=>""}, @content_type=nil, @headers={...}>, "action_controller.request.query_parameters"=>{}, "QUERY_STRING"=>"", "rack.input"=>#<StringIO:0x1028a14b8>, "HTTP_CONNECTION"=>"keep-alive", "HTTP_ACCEPT_ENCODING"=>"gzip,deflate,sdch", "GATEWAY_INTERFACE"=>"CGI/1.2", "action_controller.rescue.response"=>#<ActionController::Response:0x1028743f0 @status=200, @block=nil, @redirected_to=nil, @session={:session_id=>"1175c50f6f16be084bebb3c0e0cf2db2"}, @assigns=[], @template=#<ActionView::Base:0x102874058 @_current_render=nil, @assigns_added=nil, @_first_render=nil, @assigns={}, @helpers=#<ActionView::Base::ProxyModule:0x102873fe0>, @view_paths=["/Volumes/Projects/mock-oauth-echo-image-host/app/views"], @controller=#<ApiController:0x1028741c0 @_request=#<ActionController::Request:0x102874440 @parameters={"action"=>"upload", "controller"=>"api"}, @request_method=:get, @env={"rack.session"=>{:session_id=>"1175c50f6f16be084bebb3c0e0cf2db2"}, "SERVER_NAME"=>"localhost", "HTTP_ACCEPT"=>"text/html,application/xhtml+xml,application/xml;q=0.9,*/*;q=0.8", "HTTP_HOST"=>"localhost:3000", "rack.request.cookie_hash"=>{"_mock-oauth-echo-image-host_session"=>"BAh7BjoPc2Vzc2lvbl9pZCIlMTE3NWM1MGY2ZjE2YmUwODRiZWJiM2MwZTBjZjJkYjI=--cf9a088168c1c4bcbd5fbe5d3dae5b17027d072f"}, "HTTP_USER_AGENT"=>"Mozilla/5.0 (Macintosh; Intel Mac OS X 10_7_2) AppleWebKit/535.7 (KHTML, like Gecko) Chrome/16.0.912.12 Safari/535.7", "REQUEST_PATH"=>"/api/upload", "rack.url_scheme"=>"http", "action_controller.request.request_parameters"=>{}, "SERVER_PROTOCOL"=>"HTTP/1.1", "HTTP_ACCEPT_LANGUAGE"=>"en-US,en;q=0.8", "rack.errors"=>#<IO:0x101973680>, "REMOTE_ADDR"=>"127.0.0.1", "PATH_INFO"=>"/api/upload", "SERVER_SOFTWARE"=>"Mongrel 1.1.5", "rack.run_once"=>false, "rack.version"=>[1, 0], "rack.request.cookie_string"=>"_mock-oauth-echo-image-host_session=BAh7BjoPc2Vzc2lvbl9pZCIlMTE3NWM1MGY2ZjE2YmUwODRiZWJiM2MwZTBjZjJkYjI%3D--cf9a088168c1c4bcbd5fbe5d3dae5b17027d072f", "SCRIPT_NAME"=>"", "HTTP_COOKIE"=>"_mock-oauth-echo-image-host_session=BAh7BjoPc2Vzc2lvbl9pZCIlMTE3NWM1MGY2ZjE2YmUwODRiZWJiM2MwZTBjZjJkYjI%3D--cf9a088168c1c4bcbd5fbe5d3dae5b17027d072f", "HTTP_VERSION"=>"HTTP/1.1", "rack.multithread"=>false, "action_controller.request.path_parameters"=>{"action"=>"upload", "controller"=>"api"}, "REQUEST_URI"=>"/api/upload", "rack.multiprocess"=>false, "rack.request.query_hash"=>{}, "SERVER_PORT"=>"3000", "HTTP_ACCEPT_CHARSET"=>"ISO-8859-1,utf-8;q=0.7,*;q=0.3", "rack.session.options"=>{:key=>"_session_id", :expire_after=>nil, :path=>"/", :httponly=>true, :id=>"1175c50f6f16be084bebb3c0e0cf2db2", :domain=>nil}, "REQUEST_METHOD"=>"GET", "action_controller.request.query_parameters"=>{}, "action_controller.rescue.request"=>#<ActionController::Request:0x102874440 ...>, "rack.request.query_string"=>"", "action_controller.rescue.response"=>#<ActionController::Response:0x1028743f0 ...>, "GATEWAY_INTERFACE"=>"CGI/1.2", "HTTP_ACCEPT_ENCODING"=>"gzip,deflate,sdch", "HTTP_CONNECTION"=>"keep-alive", "rack.input"=>#<StringIO:0x1028a14b8>, "QUERY_STRING"=>""}, @content_type=nil, @headers={...}>, @_headers={"Cache-Control"=>"no-cache"}, @real_format=nil, @performed_render=false, @before_filter_chain_aborted=false, @action_name="upload", @template=#<ActionView::Base:0x102874058 ...>, @_response=#<ActionController::Response:0x1028743f0 ...>, @_session={:session_id=>"1175c50f6f16be084bebb3c0e0cf2db2"}, @_params={"action"=>"upload", "controller"=>"api"}, @url=#<ActionController::UrlRewriter:0x102873450 @parameters={"action"=>"upload", "controller"=>"api"}, @request=#<ActionController::Request:0x102874440 @parameters={"action"=>"upload", "controller"=>"api"}, @request_method=:get, @env={"rack.session"=>{:session_id=>"1175c50f6f16be084bebb3c0e0cf2db2"}, "SERVER_NAME"=>"localhost", "HTTP_ACCEPT"=>"text/html,application/xhtml+xml,application/xml;q=0.9,*/*;q=0.8", "HTTP_HOST"=>"localhost:3000", "rack.request.cookie_hash"=>{"_mock-oauth-echo-image-host_session"=>"BAh7BjoPc2Vzc2lvbl9pZCIlMTE3NWM1MGY2ZjE2YmUwODRiZWJiM2MwZTBjZjJkYjI=--cf9a088168c1c4bcbd5fbe5d3dae5b17027d072f"}, "HTTP_USER_AGENT"=>"Mozilla/5.0 (Macintosh; Intel Mac OS X 10_7_2) AppleWebKit/535.7 (KHTML, like Gecko) Chrome/16.0.912.12 Safari/535.7", "REQUEST_PATH"=>"/api/upload", "rack.url_scheme"=>"http", "action_controller.request.request_parameters"=>{}, "SERVER_PROTOCOL"=>"HTTP/1.1", "HTTP_ACCEPT_LANGUAGE"=>"en-US,en;q=0.8", "rack.errors"=>#<IO:0x101973680>, "REMOTE_ADDR"=>"127.0.0.1", "PATH_INFO"=>"/api/upload", "SERVER_SOFTWARE"=>"Mongrel 1.1.5", "rack.run_once"=>false, "rack.version"=>[1, 0], "rack.request.cookie_string"=>"_mock-oauth-echo-image-host_session=BAh7BjoPc2Vzc2lvbl9pZCIlMTE3NWM1MGY2ZjE2YmUwODRiZWJiM2MwZTBjZjJkYjI%3D--cf9a088168c1c4bcbd5fbe5d3dae5b17027d072f", "SCRIPT_NAME"=>"", "HTTP_COOKIE"=>"_mock-oauth-echo-image-host_session=BAh7BjoPc2Vzc2lvbl9pZCIlMTE3NWM1MGY2ZjE2YmUwODRiZWJiM2MwZTBjZjJkYjI%3D--cf9a088168c1c4bcbd5fbe5d3dae5b17027d072f", "HTTP_VERSION"=>"HTTP/1.1", "rack.multithread"=>false, "action_controller.request.path_parameters"=>{"action"=>"upload", "controller"=>"api"}, "REQUEST_URI"=>"/api/upload", "rack.multiprocess"=>false, "rack.request.query_hash"=>{}, "SERVER_PORT"=>"3000", "HTTP_ACCEPT_CHARSET"=>"ISO-8859-1,utf-8;q=0.7,*;q=0.3", "rack.session.options"=>{:key=>"_session_id", :expire_after=>nil, :path=>"/", :httponly=>true, :id=>"1175c50f6f16be084bebb3c0e0cf2db2", :domain=>nil}, "REQUEST_METHOD"=>"GET", "action_controller.request.query_parameters"=>{}, "action_controller.rescue.request"=>#<ActionController::Request:0x102874440 ...>, "rack.request.query_string"=>"", "action_controller.rescue.response"=>#<ActionController::Response:0x1028743f0 ...>, "GATEWAY_INTERFACE"=>"CGI/1.2", "HTTP_ACCEPT_ENCODING"=>"gzip,deflate,sdch", "HTTP_CONNECTION"=>"keep-alive", "rack.input"=>#<StringIO:0x1028a14b8>, "QUERY_STRING"=>""}, @content_type=nil, @headers={...}>>, @performed_redirect=false, @request_origin="127.0.0.1 at 2011-10-27 08:27:25">>, @body=["", []], @writer=#<Proc:0x0000000102ac02d0@/Volumes/Projects/mock-oauth-echo-image-host/vendor/rails/actionpack/lib/action_controller/response.rb:46>, @request=#<ActionController::Request:0x102874440 @parameters={"action"=>"upload", "controller"=>"api"}, @request_method=:get, @env={"rack.session"=>{:session_id=>"1175c50f6f16be084bebb3c0e0cf2db2"}, "SERVER_NAME"=>"localhost", "HTTP_ACCEPT"=>"text/html,application/xhtml+xml,application/xml;q=0.9,*/*;q=0.8", "HTTP_HOST"=>"localhost:3000", "rack.request.cookie_hash"=>{"_mock-oauth-echo-image-host_session"=>"BAh7BjoPc2Vzc2lvbl9pZCIlMTE3NWM1MGY2ZjE2YmUwODRiZWJiM2MwZTBjZjJkYjI=--cf9a088168c1c4bcbd5fbe5d3dae5b17027d072f"}, "HTTP_USER_AGENT"=>"Mozilla/5.0 (Macintosh; Intel Mac OS X 10_7_2) AppleWebKit/535.7 (KHTML, like Gecko) Chrome/16.0.912.12 Safari/535.7", "REQUEST_PATH"=>"/api/upload", "rack.url_scheme"=>"http", "action_controller.request.request_parameters"=>{}, "SERVER_PROTOCOL"=>"HTTP/1.1", "HTTP_ACCEPT_LANGUAGE"=>"en-US,en;q=0.8", "rack.errors"=>#<IO:0x101973680>, "REMOTE_ADDR"=>"127.0.0.1", "PATH_INFO"=>"/api/upload", "SERVER_SOFTWARE"=>"Mongrel 1.1.5", "rack.run_once"=>false, "rack.version"=>[1, 0], "rack.request.cookie_string"=>"_mock-oauth-echo-image-host_session=BAh7BjoPc2Vzc2lvbl9pZCIlMTE3NWM1MGY2ZjE2YmUwODRiZWJiM2MwZTBjZjJkYjI%3D--cf9a088168c1c4bcbd5fbe5d3dae5b17027d072f", "SCRIPT_NAME"=>"", "HTTP_COOKIE"=>"_mock-oauth-echo-image-host_session=BAh7BjoPc2Vzc2lvbl9pZCIlMTE3NWM1MGY2ZjE2YmUwODRiZWJiM2MwZTBjZjJkYjI%3D--cf9a088168c1c4bcbd5fbe5d3dae5b17027d072f", "HTTP_VERSION"=>"HTTP/1.1", "rack.multithread"=>false, "action_controller.request.path_parameters"=>{"action"=>"upload", "controller"=>"api"}, "REQUEST_URI"=>"/api/upload", "rack.multiprocess"=>false, "rack.request.query_hash"=>{}, "SERVER_PORT"=>"3000", "HTTP_ACCEPT_CHARSET"=>"ISO-8859-1,utf-8;q=0.7,*;q=0.3", "rack.session.options"=>{:key=>"_session_id", :expire_after=>nil, :path=>"/", :httponly=>true, :id=>"1175c50f6f16be084bebb3c0e0cf2db2", :domain=>nil}, "REQUEST_METHOD"=>"GET", "action_controller.request.query_parameters"=>{}, "action_controller.rescue.request"=>#<ActionController::Request:0x102874440 ...>, "rack.request.query_string"=>"", "action_controller.rescue.response"=>#<ActionController::Response:0x1028743f0 ...>, "GATEWAY_INTERFACE"=>"CGI/1.2", "HTTP_ACCEPT_ENCODING"=>"gzip,deflate,sdch", "HTTP_CONNECTION"=>"keep-alive", "rack.input"=>#<StringIO:0x1028a14b8>, "QUERY_STRING"=>""}, @content_type=nil, @headers={...}>, @header={"Cache-Control"=>"no-cache"}>, "rack.request.query_string"=>""}
** **
** incoming parameters **
{"action"=>"upload", "controller"=>"api"}
** **
** Received auth header **

** **
** Received verify credentials URL **

** **
** OAuth Echo validation status **
Missing OAuth Echo headers or params!
** **
** OAuth Echo success status **

** **
Completed in 4ms (View: 0 | 400 Bad Request [http://localhost/api/upload]


Processing ApiController#upload (for 127.0.0.1 at 2011-10-27 08:30:30) [GET]
** Received auth header **

** **
** Received verify credentials URL **

** **
** OAuth Echo validation status **
Missing OAuth Echo headers or params!
** **
** OAuth Echo success status **

** **
Completed in 2ms (View: 0 | 401 Unauthorized [http://localhost/api/upload]


Processing ApiController#upload (for 127.0.0.1 at 2011-10-27 08:31:36) [GET]
** OAuth Echo validation status **
Missing OAuth Echo headers or params!
** **
** OAuth Echo success status **

** **
Completed in 2ms (View: 1 | 401 Unauthorized [http://localhost/api/upload]
